<?xml version="1.0" encoding="UTF-8"?>
<!-- Generated by org.testng.reporters.JUnitReportReporter -->
<testsuite skipped="0" hostname="SHALINI" name="com.test.Test1" tests="1" failures="0" timestamp="17 Apr 2020 03:52:26 GMT" time="39.924" errors="0">
  <testcase name="searchProduct" time="39.924" classname="com.test.Test1"/>
</testsuite> <!-- com.test.Test1 -->
